<?xml version="1.0" encoding="UTF-8"?>
<testsuite xmlns:xsi="http://www.w3.org/2001/XMLSchema-instance" xsi:noNamespaceSchemaLocation="https://maven.apache.org/surefire/maven-surefire-plugin/xsd/surefire-test-report.xsd" version="3.0.2" name="com.team.bookmanagement.BookManagementSystemApplicationTests" time="4.786" tests="1" errors="0" skipped="0" failures="0" flakes="0">
  <properties>
[...]
</properties>
  <testcase name="contextLoads" classname="com.team.bookmanagement.BookManagementSystemApplicationTests" time="0.329">
    <system-out><![CDATA[09:26:09.730 [main] INFO org.springframework.test.context.support.AnnotationConfigContextLoaderUtils -- Could not detect default configuration classes for test class [com.team.bookmanagement.BookManagementSystemApplicationTests]: BookManagementSystemApplicationTests does not declare any static, non-private, non-final, nested classes annotated with @Configuration.
09:26:09.839 [main] INFO org.springframework.boot.test.context.SpringBootTestContextBootstrapper -- Found @SpringBootConfiguration com.team.bookmanagement.BookManagementSystemApplication for test class com.team.bookmanagement.BookManagementSystemApplicationTests
09:26:09.935 [main] INFO org.springframework.test.context.support.AnnotationConfigContextLoaderUtils -- Could not detect default configuration classes for test class [com.team.bookmanagement.BookManagementSystemApplicationTests]: BookManagementSystemApplicationTests does not declare any static, non-private, non-final, nested classes annotated with @Configuration.
09:26:09.936 [main] INFO org.springframework.boot.test.context.SpringBootTestContextBootstrapper -- Found @SpringBootConfiguration com.team.bookmanagement.BookManagementSystemApplication for test class com.team.bookmanagement.BookManagementSystemApplicationTests

  .   ____          _            __ _ _
 /\\ / ___'_ __ _ _(_)_ __  __ _ \ \ \ \
( ( )\___ | '_ | '_| | '_ \/ _` | \ \ \ \
 \\/  ___)| |_)| | | | | || (_| |  ) ) ) )
  '  |____| .__|_| |_|_| |_\__, | / / / /
 =========|_|==============|___/=/_/_/_/

 :: Spring Boot ::                (v4.1.0)

2026-07-03T09:26:10.275+07:00  INFO 19764 --- [BookManagementSystem-Test] [           main] t.b.BookManagementSystemApplicationTests : Starting BookManagementSystemApplicationTests using Java 17.0.19 with PID 19764 (started by ACER in D:\Intern\BookManagementSystem\BookManagementSystem\BackEnd)
2026-07-03T09:26:10.278+07:00  INFO 19764 --- [BookManagementSystem-Test] [           main] t.b.BookManagementSystemApplicationTests : No active profile set, falling back to 1 default profile: "default"
2026-07-03T09:26:10.854+07:00  INFO 19764 --- [BookManagementSystem-Test] [           main] .s.d.r.c.RepositoryConfigurationDelegate : Bootstrapping Spring Data JPA repositories in DEFAULT mode.
2026-07-03T09:26:10.899+07:00  INFO 19764 --- [BookManagementSystem-Test] [           main] .s.d.r.c.RepositoryConfigurationDelegate : Finished Spring Data repository scanning in 40 ms. Found 2 JPA repository interfaces.
2026-07-03T09:26:11.291+07:00  INFO 19764 --- [BookManagementSystem-Test] [           main] org.hibernate.orm.jpa                    : HHH008540: Processing PersistenceUnitInfo [name: default]
2026-07-03T09:26:11.344+07:00  INFO 19764 --- [BookManagementSystem-Test] [           main] org.hibernate.orm.core                   : HHH000001: Hibernate ORM core version 7.4.1.Final
2026-07-03T09:26:11.781+07:00  INFO 19764 --- [BookManagementSystem-Test] [           main] o.s.o.j.p.SpringPersistenceUnitInfo      : No LoadTimeWeaver setup: ignoring JPA class transformer
2026-07-03T09:26:11.810+07:00  INFO 19764 --- [BookManagementSystem-Test] [           main] com.zaxxer.hikari.HikariDataSource       : HikariPool-1 - Starting...
2026-07-03T09:26:12.034+07:00  INFO 19764 --- [BookManagementSystem-Test] [           main] com.zaxxer.hikari.pool.HikariPool        : HikariPool-1 - Added connection conn0: url=jdbc:h2:mem:testdb user=SA
2026-07-03T09:26:12.036+07:00  INFO 19764 --- [BookManagementSystem-Test] [           main] com.zaxxer.hikari.HikariDataSource       : HikariPool-1 - Start completed.
2026-07-03T09:26:12.058+07:00  WARN 19764 --- [BookManagementSystem-Test] [           main] org.hibernate.orm.deprecation            : HHH90000025: H2Dialect does not need to be specified explicitly using 'hibernate.dialect' (remove the property setting and it will be selected by default)
2026-07-03T09:26:12.079+07:00  INFO 19764 --- [BookManagementSystem-Test] [           main] org.hibernate.orm.connections.pooling    : HHH10001005: Database info:
	Database JDBC URL [jdbc:h2:mem:testdb]
	Database driver: H2 JDBC Driver
	Database dialect: H2Dialect
	Database version: 2.4.240
	Default catalog/schema: TESTDB/PUBLIC
	Autocommit mode: undefined/unknown
	Isolation level: READ_COMMITTED [default READ_COMMITTED]
	JDBC fetch size: 100
	Pool: DataSourceConnectionProvider
	Minimum pool size: undefined/unknown
	Maximum pool size: undefined/unknown
2026-07-03T09:26:12.938+07:00  INFO 19764 --- [BookManagementSystem-Test] [           main] org.hibernate.orm.core                   : HHH000489: No JTA platform available (set 'hibernate.transaction.jta.platform' to enable JTA platform integration)
Hibernate: drop table if exists books cascade 
Hibernate: drop table if exists users cascade 
Hibernate: create table books (price numeric(10,2) not null, created_by bigint, id bigint generated by default as identity, author varchar(100) not null, description NVARCHAR(MAX), title varchar(255) not null, primary key (id))
Hibernate: create table users (id bigint generated by default as identity, role varchar(20) not null, username varchar(50) not null unique, password varchar(255) not null, primary key (id))
Hibernate: alter table if exists books add constraint FKm5km1g7cqedqtrjfgycdotsn7 foreign key (created_by) references users
2026-07-03T09:26:12.981+07:00  INFO 19764 --- [BookManagementSystem-Test] [           main] j.LocalContainerEntityManagerFactoryBean : Initialized JPA EntityManagerFactory for persistence unit 'default'
2026-07-03T09:26:13.073+07:00  INFO 19764 --- [BookManagementSystem-Test] [           main] o.s.d.j.r.query.QueryEnhancerFactories   : Hibernate is in classpath; If applicable, HQL parser will be used.
2026-07-03T09:26:13.253+07:00  INFO 19764 --- [BookManagementSystem-Test] [           main] eAuthenticationProviderManagerConfigurer : Global AuthenticationManager configured with AuthenticationProvider bean with name authenticationProvider
2026-07-03T09:26:13.254+07:00  WARN 19764 --- [BookManagementSystem-Test] [           main] r$InitializeUserDetailsManagerConfigurer : Global AuthenticationManager configured with an AuthenticationProvider bean. UserDetailsService beans will not be used by Spring Security for automatically configuring username/password login. Consider removing the AuthenticationProvider bean. Alternatively, consider using the UserDetailsService in a manually instantiated DaoAuthenticationProvider. If the current configuration is intentional, to turn off this warning, increase the logging level of 'org.springframework.security.config.annotation.authentication.configuration.InitializeUserDetailsBeanManagerConfigurer' to ERROR
2026-07-03T09:26:13.318+07:00  WARN 19764 --- [BookManagementSystem-Test] [           main] JpaBaseConfiguration$JpaWebConfiguration : spring.jpa.open-in-view is enabled by default. Therefore, database queries may be performed during view rendering. Explicitly configure spring.jpa.open-in-view to disable this warning
2026-07-03T09:26:13.945+07:00  INFO 19764 --- [BookManagementSystem-Test] [           main] t.b.BookManagementSystemApplicationTests : Started BookManagementSystemApplicationTests in 3.949 seconds (process running for 4.953)
]]></system-out>
  </testcase>
</testsuite>